<?xml version="1.0" encoding="UTF-8"?>
<testsuite xmlns:xsi="http://www.w3.org/2001/XMLSchema-instance" xsi:noNamespaceSchemaLocation="https://maven.apache.org/surefire/maven-surefire-plugin/xsd/surefire-test-report.xsd" name="TestSuite" time="79.797" tests="4" errors="0" skipped="0" failures="4">
  <properties>
[...]
</properties>
  <testcase name="runScenario" classname="org.effigo.bdd.TestRunner" time="24.021">
    <failure message="Cannot invoke &quot;org.openqa.selenium.WebDriver.close()&quot; because &quot;this.driver&quot; is null" type="java.lang.NullPointerException">java.lang.NullPointerException: Cannot invoke "org.openqa.selenium.WebDriver.close()" because "this.driver" is null
</failure>
    <system-out><![CDATA[
Scenario: Mouse control # src/test/resources/feature/google.feature:9
  Given init robot      # org.effigo.bdd.stepdefs.MouseControl.startRobot()
  Then move mouse       # org.effigo.bdd.stepdefs.MouseControl.moveMouse()
      java.lang.NullPointerException: Cannot invoke "org.openqa.selenium.WebDriver.close()" because "this.driver" is null
	at org.effigo.bdd.stepdefs.RedirectStepDef.destroy(RedirectStepDef.java:23)

]]></system-out>
    <system-err><![CDATA[SLF4J: Failed to load class "org.slf4j.impl.StaticLoggerBinder".
SLF4J: Defaulting to no-operation (NOP) logger implementation
SLF4J: See http://www.slf4j.org/codes.html#StaticLoggerBinder for further details.
Mar 29, 2024 3:19:10 PM org.effigo.bdd.utils.Loader loadConfigs
SEVERE: Error loading properties file: C:\Users\Rohit\eclipse-workspace\bddsrc\test\resources (The system cannot find the path specified)
Mar 29, 2024 3:19:26 PM org.effigo.bdd.utils.Loader loadConfigs
SEVERE: Error loading properties file: C:\Users\Rohit\eclipse-workspace\bddsrc\test\resources (The system cannot find the path specified)
Mar 29, 2024 3:19:29 PM org.effigo.bdd.utils.Loader loadConfigs
SEVERE: Error loading properties file: C:\Users\Rohit\eclipse-workspace\bddsrc\test\resources (The system cannot find the path specified)
]]></system-err>
  </testcase>
  <testcase name="runScenario" classname="org.effigo.bdd.TestRunner" time="16.397">
    <failure message="Cannot invoke &quot;org.openqa.selenium.WebDriver.close()&quot; because &quot;this.driver&quot; is null" type="java.lang.NullPointerException">java.lang.NullPointerException: Cannot invoke "org.openqa.selenium.WebDriver.close()" because "this.driver" is null
</failure>
    <system-out><![CDATA[
Scenario: Successful login                  # src/test/resources/feature/test.feature:6
  Given I am redirected to login page       # org.effigo.bdd.stepdefs.LoginPageStepDef.redirectTo()
  Given Entered valid username and password # org.effigo.bdd.stepdefs.LoginPageStepDef.enterUserAndPass()
  When Click on login button                # org.effigo.bdd.stepdefs.LoginPageStepDef.clickOnButton()
  Then Should login successfully            # org.effigo.bdd.stepdefs.LoginPageStepDef.loginSuccess()
      java.lang.NullPointerException: Cannot invoke "org.openqa.selenium.WebDriver.close()" because "this.driver" is null
	at org.effigo.bdd.stepdefs.RedirectStepDef.destroy(RedirectStepDef.java:23)

]]></system-out>
    <system-err><![CDATA[Mar 29, 2024 3:19:34 PM org.effigo.bdd.utils.Loader loadConfigs
SEVERE: Error loading properties file: C:\Users\Rohit\eclipse-workspace\bddsrc\test\resources (The system cannot find the path specified)
Mar 29, 2024 3:19:36 PM org.effigo.bdd.utils.Loader loadConfigs
SEVERE: Error loading properties file: C:\Users\Rohit\eclipse-workspace\bddsrc\test\resources (The system cannot find the path specified)
Mar 29, 2024 3:19:45 PM org.effigo.bdd.utils.Loader loadConfigs
SEVERE: Error loading properties file: C:\Users\Rohit\eclipse-workspace\bddsrc\test\resources (The system cannot find the path specified)
]]></system-err>
  </testcase>
  <testcase name="runScenario" classname="org.effigo.bdd.TestRunner" time="17.4">
    <failure message="Cannot invoke &quot;org.openqa.selenium.WebDriver.close()&quot; because &quot;this.driver&quot; is null" type="java.lang.NullPointerException">java.lang.NullPointerException: Cannot invoke "org.openqa.selenium.WebDriver.close()" because "this.driver" is null
</failure>
    <system-out><![CDATA[
Scenario Outline: Failed Login                                             # src/test/resources/feature/test.feature:18
  Given I am redirected to login page                                      # org.effigo.bdd.stepdefs.LoginPageStepDef.redirectTo()
  Given Wrong user credentials with username: "rohit" and password: "pass" # org.effigo.bdd.stepdefs.LoginPageStepDef.wrongUserCredentials(java.lang.String,java.lang.String)
  When Click on login button                                               # org.effigo.bdd.stepdefs.LoginPageStepDef.clickOnButton()
  Then Message "Invalid credentials" should appear                         # org.effigo.bdd.stepdefs.LoginPageStepDef.loginFail(java.lang.String)
      java.lang.NullPointerException: Cannot invoke "org.openqa.selenium.WebDriver.close()" because "this.driver" is null
	at org.effigo.bdd.stepdefs.RedirectStepDef.destroy(RedirectStepDef.java:23)

]]></system-out>
    <system-err><![CDATA[Mar 29, 2024 3:19:50 PM org.effigo.bdd.utils.Loader loadConfigs
SEVERE: Error loading properties file: C:\Users\Rohit\eclipse-workspace\bddsrc\test\resources (The system cannot find the path specified)
Mar 29, 2024 3:19:53 PM org.effigo.bdd.utils.Loader loadConfigs
SEVERE: Error loading properties file: C:\Users\Rohit\eclipse-workspace\bddsrc\test\resources (The system cannot find the path specified)
Mar 29, 2024 3:20:03 PM org.effigo.bdd.utils.Loader loadConfigs
SEVERE: Error loading properties file: C:\Users\Rohit\eclipse-workspace\bddsrc\test\resources (The system cannot find the path specified)
]]></system-err>
  </testcase>
  <testcase name="runScenario" classname="org.effigo.bdd.TestRunner" time="19.098">
    <failure message="Cannot invoke &quot;org.openqa.selenium.WebDriver.close()&quot; because &quot;this.driver&quot; is null" type="java.lang.NullPointerException">java.lang.NullPointerException: Cannot invoke "org.openqa.selenium.WebDriver.close()" because "this.driver" is null
</failure>
    <system-out><![CDATA[
Scenario Outline: Failed Login                                                  # src/test/resources/feature/test.feature:19
  Given I am redirected to login page                                           # org.effigo.bdd.stepdefs.LoginPageStepDef.redirectTo()
  Given Wrong user credentials with username: "test" and password: "laskjfdlka" # org.effigo.bdd.stepdefs.LoginPageStepDef.wrongUserCredentials(java.lang.String,java.lang.String)
  When Click on login button                                                    # org.effigo.bdd.stepdefs.LoginPageStepDef.clickOnButton()
  Then Message "Invalid credentials" should appear                              # org.effigo.bdd.stepdefs.LoginPageStepDef.loginFail(java.lang.String)
      java.lang.NullPointerException: Cannot invoke "org.openqa.selenium.WebDriver.close()" because "this.driver" is null
	at org.effigo.bdd.stepdefs.RedirectStepDef.destroy(RedirectStepDef.java:23)

]]></system-out>
    <system-err><![CDATA[Mar 29, 2024 3:20:07 PM org.effigo.bdd.utils.Loader loadConfigs
SEVERE: Error loading properties file: C:\Users\Rohit\eclipse-workspace\bddsrc\test\resources (The system cannot find the path specified)
Mar 29, 2024 3:20:10 PM org.effigo.bdd.utils.Loader loadConfigs
SEVERE: Error loading properties file: C:\Users\Rohit\eclipse-workspace\bddsrc\test\resources (The system cannot find the path specified)
Mar 29, 2024 3:20:22 PM org.effigo.bdd.utils.Loader loadConfigs
SEVERE: Error loading properties file: C:\Users\Rohit\eclipse-workspace\bddsrc\test\resources (The system cannot find the path specified)
]]></system-err>
  </testcase>
</testsuite>