<?xml version="1.0" encoding="UTF-8"?>
<testng-results ignored="0" total="2" passed="2" failed="0" skipped="0">
  <reporter-output>
  </reporter-output>
  <suite started-at="2024-03-19T15:30:24 IST" name="cucumber parallel test" finished-at="2024-03-19T15:31:07 IST" duration-ms="42424">
    <groups>
      <group name="cucumber">
        <method signature="AbstractTestNGCucumberTests.runScenario(io.cucumber.testng.PickleWrapper,io.cucumber.testng.FeatureWrapper)[pri:0, instance:org.effigo.bdd.TestRunner@3427b02d]" name="runScenario" class="io.cucumber.testng.AbstractTestNGCucumberTests"/>
      </group> <!-- cucumber -->
    </groups>
    <test started-at="2024-03-19T15:30:24 IST" name="login page test" finished-at="2024-03-19T15:31:07 IST" duration-ms="42424">
      <class name="org.effigo.bdd.TestRunner">
        <test-method is-config="true" signature="setUpClass(org.testng.ITestContext)[pri:0, instance:org.effigo.bdd.TestRunner@3427b02d]" started-at="2024-03-19T15:30:24 IST" name="setUpClass" finished-at="2024-03-19T15:30:25 IST" duration-ms="661" status="PASS">
          <params>
            <param index="0">
              <value>
                <![CDATA[org.testng.TestRunner@3eb738bb]]>
              </value>
            </param>
          </params>
          <reporter-output>
          </reporter-output>
        </test-method> <!-- setUpClass -->
        <test-method signature="runScenario(io.cucumber.testng.PickleWrapper,io.cucumber.testng.FeatureWrapper)[pri:0, instance:org.effigo.bdd.TestRunner@3427b02d]" started-at="2024-03-19T15:30:25 IST" name="runScenario" description="Runs Cucumber Scenarios" data-provider="scenarios" finished-at="2024-03-19T15:30:51 IST" duration-ms="25564" status="PASS">
          <params>
            <param index="0">
              <value>
                <![CDATA["Failed Login"]]>
              </value>
            </param>
            <param index="1">
              <value>
                <![CDATA["Login testing for OrangeHRM website"]]>
              </value>
            </param>
          </params>
          <reporter-output>
          </reporter-output>
        </test-method> <!-- runScenario -->
        <test-method signature="runScenario(io.cucumber.testng.PickleWrapper,io.cucumber.testng.FeatureWrapper)[pri:0, instance:org.effigo.bdd.TestRunner@3427b02d]" started-at="2024-03-19T15:30:25 IST" name="runScenario" description="Runs Cucumber Scenarios" data-provider="scenarios" finished-at="2024-03-19T15:31:07 IST" duration-ms="41661" status="PASS">
          <params>
            <param index="0">
              <value>
                <![CDATA["Failed Login"]]>
              </value>
            </param>
            <param index="1">
              <value>
                <![CDATA["Login testing for OrangeHRM website"]]>
              </value>
            </param>
          </params>
          <reporter-output>
          </reporter-output>
        </test-method> <!-- runScenario -->
        <test-method is-config="true" signature="tearDownClass()[pri:0, instance:org.effigo.bdd.TestRunner@3427b02d]" started-at="2024-03-19T15:31:07 IST" name="tearDownClass" finished-at="2024-03-19T15:31:07 IST" duration-ms="47" status="PASS">
          <reporter-output>
          </reporter-output>
        </test-method> <!-- tearDownClass -->
      </class> <!-- org.effigo.bdd.TestRunner -->
    </test> <!-- login page test -->
  </suite> <!-- cucumber parallel test -->
</testng-results>
