<?xml version="1.0" encoding="UTF-8"?>
<testng-results ignored="0" total="4" passed="0" failed="4" skipped="0">
  <reporter-output>
  </reporter-output>
  <suite started-at="2024-03-29T15:19:06 IST" name="cucumber parallel test" finished-at="2024-03-29T15:20:25 IST" duration-ms="79265">
    <groups>
      <group name="cucumber">
        <method signature="AbstractTestNGCucumberTests.runScenario(io.cucumber.testng.PickleWrapper,io.cucumber.testng.FeatureWrapper)[pri:0, instance:org.effigo.bdd.TestRunner@3427b02d]" name="runScenario" class="io.cucumber.testng.AbstractTestNGCucumberTests"/>
      </group> <!-- cucumber -->
    </groups>
    <test started-at="2024-03-29T15:19:06 IST" name="login page test" finished-at="2024-03-29T15:20:25 IST" duration-ms="79265">
      <class name="org.effigo.bdd.TestRunner">
        <test-method is-config="true" signature="setUpClass(org.testng.ITestContext)[pri:0, instance:org.effigo.bdd.TestRunner@3427b02d]" started-at="2024-03-29T15:19:06 IST" name="setUpClass" finished-at="2024-03-29T15:19:07 IST" duration-ms="645" status="PASS">
          <params>
            <param index="0">
              <value>
                <![CDATA[org.testng.TestRunner@78307a56]]>
              </value>
            </param>
          </params>
          <reporter-output>
          </reporter-output>
        </test-method> <!-- setUpClass -->
        <test-method signature="runScenario(io.cucumber.testng.PickleWrapper,io.cucumber.testng.FeatureWrapper)[pri:0, instance:org.effigo.bdd.TestRunner@3427b02d]" started-at="2024-03-29T15:19:07 IST" name="runScenario" description="Runs Cucumber Scenarios" data-provider="scenarios" finished-at="2024-03-29T15:19:31 IST" duration-ms="24016" status="FAIL">
          <params>
            <param index="0">
              <value>
                <![CDATA["Mouse control"]]>
              </value>
            </param>
            <param index="1">
              <value>
                <![CDATA["Validate google search redirection"]]>
              </value>
            </param>
          </params>
          <exception class="java.lang.NullPointerException">
            <message>
              <![CDATA[Cannot invoke "org.openqa.selenium.WebDriver.close()" because "this.driver" is null]]>
            </message>
            <full-stacktrace>
              <![CDATA[java.lang.NullPointerException: Cannot invoke "org.openqa.selenium.WebDriver.close()" because "this.driver" is null
at org.effigo.bdd.stepdefs.RedirectStepDef.destroy(RedirectStepDef.java:23)
]]>
            </full-stacktrace>
          </exception> <!-- java.lang.NullPointerException -->
          <reporter-output>
          </reporter-output>
        </test-method> <!-- runScenario -->
        <test-method signature="runScenario(io.cucumber.testng.PickleWrapper,io.cucumber.testng.FeatureWrapper)[pri:0, instance:org.effigo.bdd.TestRunner@3427b02d]" started-at="2024-03-29T15:19:31 IST" name="runScenario" description="Runs Cucumber Scenarios" data-provider="scenarios" finished-at="2024-03-29T15:19:47 IST" duration-ms="16398" status="FAIL">
          <params>
            <param index="0">
              <value>
                <![CDATA["Successful login"]]>
              </value>
            </param>
            <param index="1">
              <value>
                <![CDATA["Login testing for OrangeHRM website"]]>
              </value>
            </param>
          </params>
          <exception class="java.lang.NullPointerException">
            <message>
              <![CDATA[Cannot invoke "org.openqa.selenium.WebDriver.close()" because "this.driver" is null]]>
            </message>
            <full-stacktrace>
              <![CDATA[java.lang.NullPointerException: Cannot invoke "org.openqa.selenium.WebDriver.close()" because "this.driver" is null
at org.effigo.bdd.stepdefs.RedirectStepDef.destroy(RedirectStepDef.java:23)
]]>
            </full-stacktrace>
          </exception> <!-- java.lang.NullPointerException -->
          <reporter-output>
          </reporter-output>
        </test-method> <!-- runScenario -->
        <test-method signature="runScenario(io.cucumber.testng.PickleWrapper,io.cucumber.testng.FeatureWrapper)[pri:0, instance:org.effigo.bdd.TestRunner@3427b02d]" started-at="2024-03-29T15:19:47 IST" name="runScenario" description="Runs Cucumber Scenarios" data-provider="scenarios" finished-at="2024-03-29T15:20:04 IST" duration-ms="17401" status="FAIL">
          <params>
            <param index="0">
              <value>
                <![CDATA["Failed Login"]]>
              </value>
            </param>
            <param index="1">
              <value>
                <![CDATA["Login testing for OrangeHRM website"]]>
              </value>
            </param>
          </params>
          <exception class="java.lang.NullPointerException">
            <message>
              <![CDATA[Cannot invoke "org.openqa.selenium.WebDriver.close()" because "this.driver" is null]]>
            </message>
            <full-stacktrace>
              <![CDATA[java.lang.NullPointerException: Cannot invoke "org.openqa.selenium.WebDriver.close()" because "this.driver" is null
at org.effigo.bdd.stepdefs.RedirectStepDef.destroy(RedirectStepDef.java:23)
]]>
            </full-stacktrace>
          </exception> <!-- java.lang.NullPointerException -->
          <reporter-output>
          </reporter-output>
        </test-method> <!-- runScenario -->
        <test-method signature="runScenario(io.cucumber.testng.PickleWrapper,io.cucumber.testng.FeatureWrapper)[pri:0, instance:org.effigo.bdd.TestRunner@3427b02d]" started-at="2024-03-29T15:20:04 IST" name="runScenario" description="Runs Cucumber Scenarios" data-provider="scenarios" finished-at="2024-03-29T15:20:24 IST" duration-ms="19097" status="FAIL">
          <params>
            <param index="0">
              <value>
                <![CDATA["Failed Login"]]>
              </value>
            </param>
            <param index="1">
              <value>
                <![CDATA["Login testing for OrangeHRM website"]]>
              </value>
            </param>
          </params>
          <exception class="java.lang.NullPointerException">
            <message>
              <![CDATA[Cannot invoke "org.openqa.selenium.WebDriver.close()" because "this.driver" is null]]>
            </message>
            <full-stacktrace>
              <![CDATA[java.lang.NullPointerException: Cannot invoke "org.openqa.selenium.WebDriver.close()" because "this.driver" is null
at org.effigo.bdd.stepdefs.RedirectStepDef.destroy(RedirectStepDef.java:23)
]]>
            </full-stacktrace>
          </exception> <!-- java.lang.NullPointerException -->
          <reporter-output>
          </reporter-output>
        </test-method> <!-- runScenario -->
        <test-method is-config="true" signature="tearDownClass()[pri:0, instance:org.effigo.bdd.TestRunner@3427b02d]" started-at="2024-03-29T15:20:24 IST" name="tearDownClass" finished-at="2024-03-29T15:20:25 IST" duration-ms="1657" status="PASS">
          <reporter-output>
          </reporter-output>
        </test-method> <!-- tearDownClass -->
      </class> <!-- org.effigo.bdd.TestRunner -->
    </test> <!-- login page test -->
  </suite> <!-- cucumber parallel test -->
</testng-results>
