<?xml version="1.0" encoding="UTF-8"?>
<testng-results total="1" passed="1" failed="0" skipped="0">
  <reporter-output>
  </reporter-output>
  <suite started-at="2024-02-22T10:48:53Z" name="Default suite" finished-at="2024-02-22T10:49:01Z" duration-ms="7238">
    <groups>
    </groups>
    <test started-at="2024-02-22T10:48:53Z" name="Default test" finished-at="2024-02-22T10:49:01Z" duration-ms="7238">
      <class name="com.scenario.automate.UploadAndDownloadTest">
        <test-method is-config="true" signature="loadEverything()[pri:0, instance:com.scenario.automate.UploadAndDownloadTest@60f00693]" started-at="2024-02-22T16:18:53Z" name="loadEverything" finished-at="2024-02-22T16:18:55Z" duration-ms="1173" status="PASS">
          <reporter-output>
          </reporter-output>
        </test-method> <!-- loadEverything -->
        <test-method signature="testDownload()[pri:0, instance:com.scenario.automate.UploadAndDownloadTest@60f00693]" started-at="2024-02-22T16:18:55Z" name="testDownload" finished-at="2024-02-22T16:19:01Z" duration-ms="6051" status="PASS">
          <reporter-output>
          </reporter-output>
        </test-method> <!-- testDownload -->
        <test-method is-config="true" signature="destroyEverything()[pri:0, instance:com.scenario.automate.UploadAndDownloadTest@60f00693]" started-at="2024-02-22T16:19:01Z" name="destroyEverything" finished-at="2024-02-22T16:19:01Z" duration-ms="1" status="PASS">
          <reporter-output>
          </reporter-output>
        </test-method> <!-- destroyEverything -->
      </class> <!-- com.scenario.automate.UploadAndDownloadTest -->
    </test> <!-- Default test -->
  </suite> <!-- Default suite -->
</testng-results>
