<?xml version="1.0" encoding="UTF-8"?>
<testng-results total="2" passed="2" failed="0" skipped="0">
  <reporter-output>
  </reporter-output>
  <suite started-at="2024-02-26T06:06:11Z" name="Default suite" finished-at="2024-02-26T06:06:11Z" duration-ms="25">
    <groups>
    </groups>
    <test started-at="2024-02-26T06:06:11Z" name="Default test" finished-at="2024-02-26T06:06:11Z" duration-ms="25">
      <class name="com.scenario.automate.JsonTests">
        <test-method is-config="true" signature="initClasses()[pri:0, instance:com.scenario.automate.JsonTests@dc7df28]" started-at="2024-02-26T11:36:11Z" name="initClasses" finished-at="2024-02-26T11:36:11Z" duration-ms="5" status="PASS">
          <reporter-output>
          </reporter-output>
        </test-method> <!-- initClasses -->
        <test-method signature="jsonTest2()[pri:0, instance:com.scenario.automate.JsonTests@dc7df28]" started-at="2024-02-26T11:36:11Z" name="jsonTest2" finished-at="2024-02-26T11:36:11Z" duration-ms="7" status="PASS">
          <reporter-output>
          </reporter-output>
        </test-method> <!-- jsonTest2 -->
        <test-method signature="testConversion()[pri:0, instance:com.scenario.automate.JsonTests@dc7df28]" started-at="2024-02-26T11:36:11Z" name="testConversion" finished-at="2024-02-26T11:36:11Z" duration-ms="2" status="PASS">
          <reporter-output>
          </reporter-output>
        </test-method> <!-- testConversion -->
      </class> <!-- com.scenario.automate.JsonTests -->
    </test> <!-- Default test -->
  </suite> <!-- Default suite -->
</testng-results>
