<?xml version="1.0" encoding="UTF-8"?>
<testng-results ignored="0" total="3" passed="3" failed="0" skipped="0">
  <reporter-output>
  </reporter-output>
  <suite started-at="2024-02-19T11:08:39 IST" name="Default suite" finished-at="2024-02-19T11:08:40 IST" duration-ms="1787">
    <groups>
    </groups>
    <test started-at="2024-02-19T11:08:39 IST" name="Default test" finished-at="2024-02-19T11:08:40 IST" duration-ms="1787">
      <class name="com.learn.app.authtests.RegisterAndLoginTest">
        <test-method is-config="true" signature="generateTempCreds()[pri:0, instance:com.learn.app.authtests.RegisterAndLoginTest@7e5afaa6]" started-at="2024-02-19T11:08:39 IST" name="generateTempCreds" finished-at="2024-02-19T11:08:39 IST" duration-ms="17" status="PASS">
          <reporter-output>
          </reporter-output>
        </test-method> <!-- generateTempCreds -->
        <test-method signature="testRegister()[pri:0, instance:com.learn.app.authtests.RegisterAndLoginTest@7e5afaa6]" started-at="2024-02-19T11:08:39 IST" name="testRegister" finished-at="2024-02-19T11:08:40 IST" duration-ms="1552" status="PASS">
          <reporter-output>
          </reporter-output>
        </test-method> <!-- testRegister -->
        <test-method signature="testCategory()[pri:0, instance:com.learn.app.authtests.RegisterAndLoginTest@7e5afaa6]" started-at="2024-02-19T11:08:40 IST" name="testCategory" finished-at="2024-02-19T11:08:40 IST" duration-ms="38" status="PASS">
          <reporter-output>
          </reporter-output>
        </test-method> <!-- testCategory -->
        <test-method signature="testLogin()[pri:0, instance:com.learn.app.authtests.RegisterAndLoginTest@7e5afaa6]" started-at="2024-02-19T11:08:40 IST" name="testLogin" finished-at="2024-02-19T11:08:40 IST" depends-on-methods="com.learn.app.authtests.RegisterAndLoginTest.testRegister" duration-ms="122" status="PASS">
          <reporter-output>
          </reporter-output>
        </test-method> <!-- testLogin -->
      </class> <!-- com.learn.app.authtests.RegisterAndLoginTest -->
    </test> <!-- Default test -->
  </suite> <!-- Default suite -->
</testng-results>
