<?xml version="1.0" encoding="UTF-8"?>
<testng-results ignored="0" total="2" passed="2" failed="0" skipped="0">
  <reporter-output>
  </reporter-output>
  <suite started-at="2024-02-15T16:46:54 IST" name="Default suite" finished-at="2024-02-15T16:46:56 IST" duration-ms="2225">
    <groups>
    </groups>
    <test started-at="2024-02-15T16:46:54 IST" name="Default test" finished-at="2024-02-15T16:46:56 IST" duration-ms="2225">
      <class name="com.learn.app.authtests.LoginTests">
        <test-method is-config="true" signature="defineCredentials()[pri:0, instance:com.learn.app.authtests.LoginTests@32b260fa]" started-at="2024-02-15T16:46:54 IST" name="defineCredentials" finished-at="2024-02-15T16:46:54 IST" duration-ms="50" status="PASS">
          <reporter-output>
          </reporter-output>
        </test-method> <!-- defineCredentials -->
        <test-method signature="testLoginSuccess()[pri:1, instance:com.learn.app.authtests.LoginTests@32b260fa]" started-at="2024-02-15T16:46:54 IST" name="testLoginSuccess" finished-at="2024-02-15T16:46:56 IST" duration-ms="1952" status="PASS">
          <reporter-output>
          </reporter-output>
        </test-method> <!-- testLoginSuccess -->
        <test-method signature="testLoginFail()[pri:2, instance:com.learn.app.authtests.LoginTests@32b260fa]" started-at="2024-02-15T16:46:56 IST" name="testLoginFail" finished-at="2024-02-15T16:46:56 IST" duration-ms="162" status="PASS">
          <reporter-output>
          </reporter-output>
        </test-method> <!-- testLoginFail -->
      </class> <!-- com.learn.app.authtests.LoginTests -->
    </test> <!-- Default test -->
  </suite> <!-- Default suite -->
</testng-results>
