<?xml version="1.0" encoding="UTF-8"?>
<!-- Generated by org.testng.reporters.JUnitXMLReporter -->
<testsuite hostname="DESKTOP-PUJJMK1" failures="0" tests="5" name="Default test" time="41.585" errors="0" timestamp="22 Feb 2024 09:19:49 GMT">
  <testcase classname="com.scenario.automate.HandleAlertTests" name="cancelAlertTest" time="2.161"/>
  <testcase classname="com.scenario.automate.HandleAlertTests" name="handleAlertTest" time="1.168"/>
  <testcase classname="com.scenario.automate.HandleAlertTests" name="sendAlertMessageTest" time="0.934"/>
  <testcase classname="com.scenario.automate.HandleAlertTests" name="testClosePopUp" time="33.304"/>
  <testcase classname="com.scenario.automate.HandleAlertTests" name="testModalOpenAndClose" time="2.594"/>
</testsuite> <!-- Default test -->
