<?xml version="1.0" encoding="UTF-8"?>
<!-- Generated by org.testng.reporters.JUnitXMLReporter -->
<testsuite hostname="DESKTOP-PUJJMK1" failures="0" tests="3" name="Default test" time="5.252" errors="0" timestamp="22 Feb 2024 07:01:04 GMT">
  <testcase classname="com.scenario.automate.HandleAlertTests" name="cancelAlertTest" time="2.071"/>
  <testcase classname="com.scenario.automate.HandleAlertTests" name="handleAlertTest" time="0.869"/>
  <testcase classname="com.scenario.automate.HandleAlertTests" name="sendAlertMessageTest" time="0.917"/>
</testsuite> <!-- Default test -->
