<?xml version="1.0" encoding="UTF-8"?>
<!-- Generated by org.testng.reporters.JUnitXMLReporter -->
<testsuite ignored="0" hostname="DESKTOP-PUJJMK1" failures="0" tests="3" name="Default test" time="1.787" errors="0" timestamp="2024-02-19T11:08:40 IST">
  <testcase classname="com.learn.app.authtests.RegisterAndLoginTest" name="testRegister" time="1.552"/>
  <testcase classname="com.learn.app.authtests.RegisterAndLoginTest" name="testCategory" time="0.038"/>
  <testcase classname="com.learn.app.authtests.RegisterAndLoginTest" name="testLogin" time="0.122"/>
</testsuite> <!-- Default test -->
